[2026-06-18] [INFO] Usuario cerro sesion
[2026-06-22] [INFO] Servicio de cache reiniciado
[2026-06-20] [ERROR] Fallo de escritura en el disco
[2026-06-18] [INFO] Sincronizacion completada
[2026-06-19] [ERROR] Tiempo de espera agotado al consultar API externa
[2026-06-21] [WARNING] Latencia alta detectada en la red
[2026-06-20] [INFO] Sincronizacion completada
[2026-06-21] [INFO] Generando reporte diario
[2026-06-18] [INFO] Peticion GET a /api/data
[2026-06-21] [INFO] Sincronizacion completada
[2026-06-22] [INFO] Servicio de cache reiniciado
[2026-06-20] [WARNING] Intento de acceso fallido desde IP sospechosa
[2026-06-18] [INFO] Servicio de cache reiniciado
[2026-06-21] [INFO] Servicio de cache reiniciado
[2026-06-22] [WARNING] Intento de acceso fallido desde IP sospechosa
[2026-06-22] [INFO] Usuario cerro sesion
[2026-06-20] [ERROR] Excepcion no manejada en el modulo de pagos
[2026-06-21] [INFO] Sistema inicializado
[2026-06-19] [INFO] Servicio de cache reiniciado
[2026-06-21] [INFO] Usuario cerro sesion
[2026-06-22] [INFO] Generando reporte diario
[2026-06-22] [WARNING] Latencia alta detectada en la red
[2026-06-21] [INFO] Conexion restablecida
[2026-06-18] [INFO] Peticion GET a /api/data
[2026-06-20] [WARNING] Intento de acceso fallido desde IP sospechosa
[2026-06-21] [INFO] Conexion restablecida
[2026-06-19] [ERROR] Fallo de escritura en el disco
[2026-06-18] [ERROR] Conexion perdida con la base de datos
[2026-06-20] [ERROR] Tiempo de espera agotado al consultar API externa
[2026-06-21] [INFO] Usuario inicio sesion
