[2026-06-19] [INFO] Servicio de cache reiniciado
[2026-06-20] [WARNING] Memoria RAM al 90%
[2026-06-19] [INFO] Conexion restablecida
[2026-06-19] [INFO] Peticion GET a /api/data
[2026-06-18] [INFO] Usuario cerro sesion
[2026-06-21] [INFO] Peticion GET a /api/data
[2026-06-21] [INFO] Conexion restablecida
[2026-06-19] [INFO] Sistema inicializado
[2026-06-20] [ERROR] Tiempo de espera agotado al consultar API externa
[2026-06-21] [ERROR] Fallo de escritura en el disco
[2026-06-19] [INFO] Sincronizacion completada
[2026-06-20] [INFO] Generando reporte diario
[2026-06-18] [INFO] Sistema inicializado
[2026-06-21] [INFO] Sincronizacion completada
[2026-06-19] [INFO] Usuario inicio sesion
[2026-06-18] [INFO] Conexion restablecida
[2026-06-18] [INFO] Peticion GET a /api/data
[2026-06-18] [INFO] Sistema inicializado
[2026-06-18] [INFO] Servicio de cache reiniciado
[2026-06-21] [INFO] Usuario inicio sesion
[2026-06-18] [WARNING] Memoria RAM al 90%
[2026-06-18] [INFO] Peticion GET a /api/data
[2026-06-21] [INFO] Usuario cerro sesion
[2026-06-18] [INFO] Usuario cerro sesion
[2026-06-18] [INFO] Generando reporte diario
[2026-06-19] [WARNING] Intento de acceso fallido desde IP sospechosa
[2026-06-21] [ERROR] Credenciales invalidas para el servicio de correo
[2026-06-21] [WARNING] Latencia alta detectada en la red
[2026-06-21] [INFO] Usuario inicio sesion
[2026-06-19] [INFO] Conexion restablecida
