[2026-06-22] [INFO] Generando reporte diario
[2026-06-22] [INFO] Sistema inicializado
[2026-06-18] [INFO] Servicio de cache reiniciado
[2026-06-22] [INFO] Usuario cerro sesion
[2026-06-19] [INFO] Sistema inicializado
[2026-06-18] [INFO] Generando reporte diario
[2026-06-21] [INFO] Sincronizacion completada
[2026-06-18] [INFO] Usuario inicio sesion
[2026-06-20] [INFO] Servicio de cache reiniciado
[2026-06-18] [ERROR] Credenciales invalidas para el servicio de correo
[2026-06-18] [INFO] Sincronizacion completada
[2026-06-19] [INFO] Conexion restablecida
[2026-06-22] [INFO] Generando reporte diario
[2026-06-18] [INFO] Sistema inicializado
[2026-06-20] [INFO] Conexion restablecida
[2026-06-22] [INFO] Usuario cerro sesion
[2026-06-20] [INFO] Sincronizacion completada
[2026-06-21] [ERROR] Tiempo de espera agotado al consultar API externa
[2026-06-20] [INFO] Usuario inicio sesion
[2026-06-18] [INFO] Usuario cerro sesion
[2026-06-18] [INFO] Usuario cerro sesion
[2026-06-21] [INFO] Conexion restablecida
[2026-06-19] [INFO] Generando reporte diario
[2026-06-19] [INFO] Usuario inicio sesion
[2026-06-19] [INFO] Generando reporte diario
[2026-06-19] [WARNING] Espacio en disco bajo
[2026-06-18] [INFO] Peticion GET a /api/data
[2026-06-19] [INFO] Sistema inicializado
[2026-06-18] [INFO] Peticion GET a /api/data
[2026-06-22] [INFO] Servicio de cache reiniciado
