[2026-06-18] [ERROR] Tiempo de espera agotado al consultar API externa
[2026-06-22] [INFO] Servicio de cache reiniciado
[2026-06-18] [INFO] Usuario cerro sesion
[2026-06-20] [INFO] Sincronizacion completada
[2026-06-19] [INFO] Sistema inicializado
[2026-06-19] [INFO] Usuario cerro sesion
[2026-06-20] [INFO] Sistema inicializado
[2026-06-18] [WARNING] Espacio en disco bajo
[2026-06-22] [INFO] Sincronizacion completada
[2026-06-18] [WARNING] Uso de CPU por encima del 80%
[2026-06-20] [INFO] Servicio de cache reiniciado
[2026-06-21] [INFO] Conexion restablecida
[2026-06-19] [INFO] Usuario inicio sesion
[2026-06-22] [INFO] Conexion restablecida
[2026-06-22] [ERROR] Excepcion no manejada en el modulo de pagos
[2026-06-19] [ERROR] Conexion perdida con la base de datos
[2026-06-18] [INFO] Sistema inicializado
[2026-06-21] [INFO] Servicio de cache reiniciado
[2026-06-22] [WARNING] Uso de CPU por encima del 80%
[2026-06-22] [INFO] Generando reporte diario
[2026-06-22] [INFO] Sincronizacion completada
[2026-06-18] [WARNING] Intento de acceso fallido desde IP sospechosa
[2026-06-18] [ERROR] Fallo de escritura en el disco
[2026-06-21] [INFO] Peticion GET a /api/data
[2026-06-20] [WARNING] Memoria RAM al 90%
[2026-06-19] [WARNING] Memoria RAM al 90%
[2026-06-22] [INFO] Sistema inicializado
[2026-06-21] [INFO] Usuario inicio sesion
[2026-06-20] [WARNING] Uso de CPU por encima del 80%
[2026-06-18] [INFO] Usuario cerro sesion
